Build started 19.05.2014 22:38:33.
     1>Project "C:\Users\svsoldatov\documents\visual studio 2013\Projects\JavaCG\JavaCG\JavaCG.vcxproj" on node 2 (Rebuild target(s)).
     1>ClCompile:
         C:\Program Files (x86)\Microsoft Visual Studio 12.0\VC\bin\x86_amd64\CL.exe /c /Zi /nologo /W1 /WX- /O2 /Gm- /EHsc /MT /GS /fp:precise /Zc:wchar_t /Zc:forScope /Fo"x64\Release\\" /Fd"x64\Release\vc120.pdb" /Gd /TP /errorReport:prompt Brute.cpp JavaLCGMimic.cpp JavaLCGSub.cpp main.cpp Options.cpp PWChars.cpp SafeLong.cpp Utils.cpp
         Brute.cpp
         JavaLCGMimic.cpp
         JavaLCGSub.cpp
         main.cpp
         Options.cpp
         PWChars.cpp
         SafeLong.cpp
         Utils.cpp
         Generating Code...
       Link:
         C:\Program Files (x86)\Microsoft Visual Studio 12.0\VC\bin\x86_amd64\link.exe /ERRORREPORT:PROMPT /OUT:"C:\Users\svsoldatov\documents\visual studio 2013\Projects\JavaCG\x64\Release\JavaCG.exe" /NOLOGO /FORCE kernel32.lib user32.lib gdi32.lib winspool.lib comdlg32.lib advapi32.lib shell32.lib ole32.lib oleaut32.lib uuid.lib odbc32.lib odbccp32.lib /MANIFEST /MANIFESTUAC:"level='asInvoker' uiAccess='false'" /manifest:embed /PDB:"C:\Users\svsoldatov\documents\visual studio 2013\Projects\JavaCG\x64\Release\JavaCG.pdb" /TLBID:1 /DYNAMICBASE /NXCOMPAT /IMPLIB:"C:\Users\svsoldatov\documents\visual studio 2013\Projects\JavaCG\x64\Release\JavaCG.lib" /MACHINE:X64 x64\Release\Brute.obj
         x64\Release\JavaLCGMimic.obj
         x64\Release\JavaLCGSub.obj
         x64\Release\main.obj
         x64\Release\Options.obj
         x64\Release\PWChars.obj
         x64\Release\SafeLong.obj
         x64\Release\Utils.obj
         JavaCG.vcxproj -> C:\Users\svsoldatov\documents\visual studio 2013\Projects\JavaCG\x64\Release\JavaCG.exe
     1>Done Building Project "C:\Users\svsoldatov\documents\visual studio 2013\Projects\JavaCG\JavaCG\JavaCG.vcxproj" (Rebuild target(s)).

Build succeeded.

Time Elapsed 00:00:09.93
