Build started 03.12.2013 11:28:44.
     1>Project "C:\Users\svsoldatov\documents\visual studio 2013\Projects\JavaCG\JavaCG\JavaCG.vcxproj" on node 2 (Build target(s)).
     1>ClCompile:
         C:\Program Files (x86)\Microsoft Visual Studio 12.0\VC\bin\CL.exe /c /Zi /nologo /W3 /WX- /sdl /O2 /Oi /Oy- /GL /D _MBCS /Gm- /EHsc /MD /GS /Gy /fp:precise /Zc:wchar_t /Zc:forScope /Fo"Release\\" /Fd"Release\vc120.pdb" /Gd /TP /analyze- /errorReport:prompt JavaLCGMimic.cpp JavaLCGSub.cpp main.cpp PWChars.cpp
         JavaLCGMimic.cpp
     1>JavaLCGMimic.cpp(20): warning C4244: 'return' : conversion from '__int64' to 'long', possible loss of data
     1>JavaLCGMimic.cpp(29): warning C4244: 'return' : conversion from '__int64' to 'long', possible loss of data
     1>JavaLCGMimic.cpp(32): warning C4244: 'return' : conversion from '__int64' to 'long', possible loss of data
         JavaLCGSub.cpp
     1>JavaLCGSub.cpp(7): warning C4244: '=' : conversion from 'double' to '__int64', possible loss of data
     1>JavaLCGSub.cpp(32): warning C4244: 'return' : conversion from '__int64' to 'long', possible loss of data
         main.cpp
     1>c:\users\svsoldatov\documents\visual studio 2013\projects\javacg\javacg\Brute.hpp(72): warning C4244: 'initializing' : conversion from 'double' to '__int64', possible loss of data
         PWChars.cpp
     1>PWChars.cpp(18): warning C4018: '<' : signed/unsigned mismatch
     1>PWChars.cpp(24): warning C4018: '<' : signed/unsigned mismatch
     1>PWChars.cpp(25): warning C4244: 'argument' : conversion from '__int64' to 'unsigned int', possible loss of data
       Link:
         C:\Program Files (x86)\Microsoft Visual Studio 12.0\VC\bin\link.exe /ERRORREPORT:PROMPT /OUT:"C:\Users\svsoldatov\documents\visual studio 2013\Projects\JavaCG\Release\JavaCG.exe" /NOLOGO kernel32.lib user32.lib gdi32.lib winspool.lib comdlg32.lib advapi32.lib shell32.lib ole32.lib oleaut32.lib uuid.lib odbc32.lib odbccp32.lib /MANIFEST /MANIFESTUAC:"level='asInvoker' uiAccess='false'" /manifest:embed /DEBUG /PDB:"C:\Users\svsoldatov\documents\visual studio 2013\Projects\JavaCG\Release\JavaCG.pdb" /OPT:REF /OPT:ICF /LTCG /TLBID:1 /DYNAMICBASE /NXCOMPAT /IMPLIB:"C:\Users\svsoldatov\documents\visual studio 2013\Projects\JavaCG\Release\JavaCG.lib" /MACHINE:X86 /SAFESEH Release\JavaLCGMimic.obj
         Release\JavaLCGSub.obj
         Release\main.obj
         Release\PWChars.obj
         Generating code
         Finished generating code
         JavaCG.vcxproj -> C:\Users\svsoldatov\documents\visual studio 2013\Projects\JavaCG\Release\JavaCG.exe
     1>Done Building Project "C:\Users\svsoldatov\documents\visual studio 2013\Projects\JavaCG\JavaCG\JavaCG.vcxproj" (Build target(s)).

Build succeeded.

Time Elapsed 00:00:04.21
