Build started 01.12.2013 20:56:32.
     1>Project "C:\Users\svsoldatov\documents\visual studio 2013\Projects\JavaCG\JavaCG\JavaCG.vcxproj" on node 2 (Build target(s)).
     1>ClCompile:
         C:\Program Files (x86)\Microsoft Visual Studio 12.0\VC\bin\CL.exe /c /ZI /nologo /W3 /WX- /sdl /Od /Oy- /D _MBCS /Gm /EHsc /RTC1 /MDd /GS /fp:precise /Zc:wchar_t /Zc:forScope /Fo"Debug\\" /Fd"Debug\vc120.pdb" /Gd /TP /analyze- /errorReport:prompt JavaLCGSub.cpp
         JavaLCGSub.cpp
     1>c:\users\svsoldatov\documents\visual studio 2013\projects\javacg\javacg\javalcgsub.h(32): warning C4309: 'default argument' : truncation of constant value
     1>c:\users\svsoldatov\documents\visual studio 2013\projects\javacg\javacg\javalcgsub.h(22): warning C4305: 'initializing' : truncation from '__int64' to 'const long'
     1>c:\users\svsoldatov\documents\visual studio 2013\projects\javacg\javacg\javalcgsub.h(22): warning C4309: 'initializing' : truncation of constant value
     1>c:\users\svsoldatov\documents\visual studio 2013\projects\javacg\javacg\javalcgsub.h(26): warning C4244: 'initializing' : conversion from 'double' to 'long', possible loss of data
     1>c:\users\svsoldatov\documents\visual studio 2013\projects\javacg\javacg\javalcgmimic.h(14): warning C4305: 'initializing' : truncation from '__int64' to 'const long'
     1>c:\users\svsoldatov\documents\visual studio 2013\projects\javacg\javacg\javalcgmimic.h(14): warning C4309: 'initializing' : truncation of constant value
     1>c:\users\svsoldatov\documents\visual studio 2013\projects\javacg\javacg\javalcgmimic.h(16): warning C4305: 'initializing' : truncation from '__int64' to 'const long'
     1>c:\users\svsoldatov\documents\visual studio 2013\projects\javacg\javacg\javalcgmimic.h(16): warning C4309: 'initializing' : truncation of constant value
     1>c:\users\svsoldatov\documents\visual studio 2013\projects\javacg\javacg\javalcgsub.cpp(27): warning C4309: 'default argument' : truncation of constant value
       Link:
         C:\Program Files (x86)\Microsoft Visual Studio 12.0\VC\bin\link.exe /ERRORREPORT:PROMPT /OUT:"C:\Users\svsoldatov\documents\visual studio 2013\Projects\JavaCG\Debug\JavaCG.exe" /INCREMENTAL /NOLOGO kernel32.lib user32.lib gdi32.lib winspool.lib comdlg32.lib advapi32.lib shell32.lib ole32.lib oleaut32.lib uuid.lib odbc32.lib odbccp32.lib /MANIFEST /MANIFESTUAC:"level='asInvoker' uiAccess='false'" /manifest:embed /DEBUG /PDB:"C:\Users\svsoldatov\documents\visual studio 2013\Projects\JavaCG\Debug\JavaCG.pdb" /TLBID:1 /DYNAMICBASE /NXCOMPAT /IMPLIB:"C:\Users\svsoldatov\documents\visual studio 2013\Projects\JavaCG\Debug\JavaCG.lib" /MACHINE:X86 Debug\JavaLCGMimic.obj
         Debug\JavaLCGSub.obj
         Debug\main.obj
         JavaCG.vcxproj -> C:\Users\svsoldatov\documents\visual studio 2013\Projects\JavaCG\Debug\JavaCG.exe
     1>Done Building Project "C:\Users\svsoldatov\documents\visual studio 2013\Projects\JavaCG\JavaCG\JavaCG.vcxproj" (Build target(s)).

Build succeeded.

Time Elapsed 00:00:02.55
